INFO:     Will watch for changes in these directories: ['C:\\Users\\SALAUDEEN MUBARAK\\cloned\\Lattice\\backend']
INFO:     Uvicorn running on http://127.0.0.1:8000 (Press CTRL+C to quit)
INFO:     Started reloader process [2024] using WatchFiles
INFO:     Started server process [2208]
INFO:     Waiting for application startup.
INFO:     Application startup complete.
WARNING:  WatchFiles detected changes in 'app\services\llm_client.py'. Reloading...
INFO:     Shutting down
INFO:     Waiting for application shutdown.
INFO:     Application shutdown complete.
INFO:     Finished server process [2208]
INFO:     Started server process [17516]
INFO:     Waiting for application startup.
INFO:     Application startup complete.
WARNING:  WatchFiles detected changes in 'app\services\llm_client.py'. Reloading...
INFO:     Shutting down
INFO:     Waiting for application shutdown.
INFO:     Application shutdown complete.
INFO:     Finished server process [17516]
WARNING:  WatchFiles detected changes in 'app\services\llm_client.py'. Reloading...
INFO:     Started server process [18736]
INFO:     Waiting for application startup.
INFO:     Application startup complete.
ERROR:    Traceback (most recent call last):
  File "C:\Users\SALAUDEEN MUBARAK\AppData\Local\Python\pythoncore-3.14-64\Lib\asyncio\runners.py", line 127, in run
    return self._loop.run_until_complete(task)
           ~~~~~~~~~~~~~~~~~~~~~~~~~~~~~^^^^^^
  File "C:\Users\SALAUDEEN MUBARAK\AppData\Local\Python\pythoncore-3.14-64\Lib\asyncio\base_events.py", line 719, in run_until_complete
    return future.result()
           ~~~~~~~~~~~~~^^
asyncio.exceptions.CancelledError

During handling of the above exception, another exception occurred:

Traceback (most recent call last):
  File "C:\Users\SALAUDEEN MUBARAK\AppData\Local\Python\pythoncore-3.14-64\Lib\asyncio\runners.py", line 204, in run
    return runner.run(main)
           ~~~~~~~~~~^^^^^^
  File "C:\Users\SALAUDEEN MUBARAK\AppData\Local\Python\pythoncore-3.14-64\Lib\asyncio\runners.py", line 132, in run
    raise KeyboardInterrupt()
KeyboardInterrupt

During handling of the above exception, another exception occurred:

Traceback (most recent call last):
  File "C:\Users\SALAUDEEN MUBARAK\AppData\Local\Python\pythoncore-3.14-64\Lib\site-packages\starlette\routing.py", line 701, in lifespan
    await receive()
  File "C:\Users\SALAUDEEN MUBARAK\AppData\Local\Python\pythoncore-3.14-64\Lib\site-packages\uvicorn\lifespan\on.py", line 137, in receive
    return await self.receive_queue.get()
           ^^^^^^^^^^^^^^^^^^^^^^^^^^^^^^
  File "C:\Users\SALAUDEEN MUBARAK\AppData\Local\Python\pythoncore-3.14-64\Lib\asyncio\queues.py", line 186, in get
    await getter
asyncio.exceptions.CancelledError

INFO:     Started server process [7912]
INFO:     Waiting for application startup.
INFO:     Application startup complete.

WARNING:  WatchFiles detected changes in 'app\services\llm_client.py'. Reloading...
INFO:     Shutting down
INFO:     Waiting for application shutdown.
INFO:     Application shutdown complete.
INFO:     Finished server process [19312]
WARNING:  WatchFiles detected changes in 'app\services\llm_client.py'. Reloading...
INFO:     Started server process [14340]
INFO:     Waiting for application startup.
INFO:     Application startup complete.
ERROR:    Traceback (most recent call last):
  File "C:\Users\SALAUDEEN MUBARAK\AppData\Local\Python\pythoncore-3.14-64\Lib\asyncio\runners.py", line 127, in run
    return self._loop.run_until_complete(task)
           ~~~~~~~~~~~~~~~~~~~~~~~~~~~~~^^^^^^
  File "C:\Users\SALAUDEEN MUBARAK\AppData\Local\Python\pythoncore-3.14-64\Lib\asyncio\base_events.py", line 719, in run_until_complete
    return future.result()
           ~~~~~~~~~~~~~^^
asyncio.exceptions.CancelledError

During handling of the above exception, another exception occurred:

Traceback (most recent call last):
  File "C:\Users\SALAUDEEN MUBARAK\AppData\Local\Python\pythoncore-3.14-64\Lib\asyncio\runners.py", line 204, in run
    return runner.run(main)
           ~~~~~~~~~~^^^^^^
  File "C:\Users\SALAUDEEN MUBARAK\AppData\Local\Python\pythoncore-3.14-64\Lib\asyncio\runners.py", line 132, in run
    raise KeyboardInterrupt()
KeyboardInterrupt

During handling of the above exception, another exception occurred:

Traceback (most recent call last):
  File "C:\Users\SALAUDEEN MUBARAK\AppData\Local\Python\pythoncore-3.14-64\Lib\site-packages\starlette\routing.py", line 701, in lifespan
    await receive()
  File "C:\Users\SALAUDEEN MUBARAK\AppData\Local\Python\pythoncore-3.14-64\Lib\site-packages\uvicorn\lifespan\on.py", line 137, in receive
    return await self.receive_queue.get()
           ^^^^^^^^^^^^^^^^^^^^^^^^^^^^^^
  File "C:\Users\SALAUDEEN MUBARAK\AppData\Local\Python\pythoncore-3.14-64\Lib\asyncio\queues.py", line 186, in get
    await getter
asyncio.exceptions.CancelledError

INFO:     Started server process [7500]
INFO:     Waiting for application startup.
INFO:     Application startup complete.
: {"error":{"message":"google/gemini-2.0-flash-lite-preview-02-05:free is not a valid model ID","code":400},"user_id":"user_39DvjxfpyiS1MmSOvJTpEqpHyLA"}
OpenRouter API error 400: {"error":{"message":"google/gemini-2.0-flash-lite-preview-02-05:free is not a valid model ID","code":400},"user_id":"user_39DvjxfpyiS1MmSOvJTpEqpHyLA"}
OpenRouter API error 400: {"error":{"message":"google/gemini-2.0-flash-lite-preview-02-05:free is not a valid model ID","code":400},"user_id":"user_39DvjxfpyiS1MmSOvJTpEqpHyLA"}
